[2019-05-03 23:16:40.683] [sharedprocess] [info] main {"machineId":"61c390c89e66271c8fc4f662759b43db62999ce16c2292c5ba21ca7777295445"}
[2019-05-03 23:16:40.843] [sharedprocess] [info] Scanned user extensions: 5
[2019-05-03 23:16:40.945] [sharedprocess] [info] Deleted from disk fivethree.vscode-ionic-snippets /home/jean_rollins/.vscode/extensions/fivethree.vscode-ionic-snippets-0.24.0
[2019-05-03 23:16:40.988] [sharedprocess] [info] Deleted from disk hookyqr.beautify /home/jean_rollins/.vscode/extensions/hookyqr.beautify-1.4.11
[2019-05-03 23:16:40.992] [sharedprocess] [info] Scanned system extensions: 72
[2019-05-03 23:16:41.198] [sharedprocess] [info] Scanned user extensions: 5
[2019-05-03 23:16:41.270] [sharedprocess] [info] Scanned system extensions: 72
[2019-05-03 23:16:42.052] [sharedprocess] [info] Scanned user extensions: 5
[2019-05-03 23:17:20.701] [sharedprocess] [info] Starting to clean up unused language packs.
[2019-05-03 23:21:42.082] [sharedprocess] [info] Scanned user extensions: 5
[2019-05-03 23:22:33.192] [sharedprocess] [info] Scanned user extensions: 5
[2019-05-03 23:22:33.195] [sharedprocess] [info] Scanned user extensions: 5
[2019-05-03 23:22:33.351] [sharedprocess] [info] Scanned system extensions: 72
[2019-05-03 23:22:33.363] [sharedprocess] [info] Scanned system extensions: 72
[2019-05-03 23:22:35.232] [sharedprocess] [info] Scanned user extensions: 5
[2019-05-03 23:27:35.270] [sharedprocess] [info] Scanned user extensions: 5
[2019-05-03 23:32:35.287] [sharedprocess] [info] Scanned user extensions: 5
[2019-05-03 23:37:35.306] [sharedprocess] [info] Scanned user extensions: 5
[2019-05-03 23:42:35.320] [sharedprocess] [info] Scanned user extensions: 5
[2019-05-03 23:47:35.336] [sharedprocess] [info] Scanned user extensions: 5
[2019-05-03 23:52:35.351] [sharedprocess] [info] Scanned user extensions: 5
[2019-05-03 23:57:35.368] [sharedprocess] [info] Scanned user extensions: 5
[2019-05-04 00:02:35.389] [sharedprocess] [info] Scanned user extensions: 5
[2019-05-04 00:06:32.505] [sharedprocess] [info] Scanned user extensions: 5
[2019-05-04 00:06:32.623] [sharedprocess] [info] Scanned system extensions: 72
[2019-05-04 00:06:36.587] [sharedprocess] [info] Scanned user extensions: 5
[2019-05-04 00:11:36.629] [sharedprocess] [info] Scanned user extensions: 5
[2019-05-04 00:16:36.647] [sharedprocess] [info] Scanned user extensions: 5
[2019-05-04 00:21:37.700] [sharedprocess] [info] Scanned user extensions: 5
[2019-05-04 00:26:37.717] [sharedprocess] [info] Scanned user extensions: 5
[2019-05-04 00:31:37.732] [sharedprocess] [info] Scanned user extensions: 5
[2019-05-04 00:36:37.746] [sharedprocess] [info] Scanned user extensions: 5
[2019-05-04 00:41:37.761] [sharedprocess] [info] Scanned user extensions: 5
[2019-05-04 00:46:37.775] [sharedprocess] [info] Scanned user extensions: 5
