[2019-05-04 23:05:22.395] [sharedprocess] [info] main {"machineId":"61c390c89e66271c8fc4f662759b43db62999ce16c2292c5ba21ca7777295445"}
[2019-05-04 23:05:22.653] [sharedprocess] [info] Scanned user extensions: 6
[2019-05-04 23:05:22.841] [sharedprocess] [info] Scanned user extensions: 6
[2019-05-04 23:05:23.054] [sharedprocess] [info] Scanned system extensions: 72
[2019-05-04 23:05:23.101] [sharedprocess] [info] Scanned system extensions: 72
[2019-05-04 23:05:24.263] [sharedprocess] [info] Scanned user extensions: 6
[2019-05-04 23:06:00.175] [sharedprocess] [info] Scanned user extensions: 6
[2019-05-04 23:06:00.332] [sharedprocess] [info] Scanned system extensions: 72
[2019-05-04 23:06:02.432] [sharedprocess] [info] Starting to clean up unused language packs.
[2019-05-04 23:06:02.770] [sharedprocess] [info] Scanned user extensions: 6
[2019-05-04 23:11:02.796] [sharedprocess] [info] Scanned user extensions: 6
[2019-05-04 23:16:02.825] [sharedprocess] [info] Scanned user extensions: 6
[2019-05-04 23:21:02.842] [sharedprocess] [info] Scanned user extensions: 6
[2019-05-04 23:26:02.857] [sharedprocess] [info] Scanned user extensions: 6
[2019-05-04 23:31:02.885] [sharedprocess] [info] Scanned user extensions: 6
[2019-05-04 23:36:02.899] [sharedprocess] [info] Scanned user extensions: 6
[2019-05-04 23:41:02.918] [sharedprocess] [info] Scanned user extensions: 6
[2019-05-04 23:41:11.437] [sharedprocess] [info] Scanned user extensions: 6
[2019-05-04 23:41:11.440] [sharedprocess] [info] Scanned user extensions: 6
[2019-05-04 23:41:11.452] [sharedprocess] [info] Scanned user extensions: 6
[2019-05-04 23:41:11.456] [sharedprocess] [info] Scanned user extensions: 6
[2019-05-04 23:41:11.647] [sharedprocess] [info] Scanned system extensions: 72
[2019-05-04 23:41:11.653] [sharedprocess] [info] Scanned system extensions: 72
[2019-05-04 23:41:11.661] [sharedprocess] [info] Scanned system extensions: 72
[2019-05-04 23:41:21.768] [sharedprocess] [info] Scanned user extensions: 6
[2019-05-04 23:41:21.769] [sharedprocess] [info] Uninstalling extension: vscode-icons-team.vscode-icons
[2019-05-04 23:41:21.787] [sharedprocess] [info] Scanned user extensions: 6
[2019-05-04 23:41:21.803] [sharedprocess] [info] Successfully uninstalled extension: vscode-icons-team.vscode-icons
[2019-05-04 23:41:29.011] [sharedprocess] [info] Scanned user extensions: 5
[2019-05-04 23:41:29.098] [sharedprocess] [info] Scanned user extensions: 5
[2019-05-04 23:41:29.163] [sharedprocess] [info] Scanned user extensions: 5
[2019-05-04 23:41:29.263] [sharedprocess] [info] Scanned user extensions: 5
[2019-05-04 23:41:29.314] [sharedprocess] [info] Scanned system extensions: 72
[2019-05-04 23:41:29.322] [sharedprocess] [info] Scanned system extensions: 72
[2019-05-04 23:41:29.333] [sharedprocess] [info] Scanned user extensions: 5
[2019-05-04 23:41:29.335] [sharedprocess] [info] Scanned system extensions: 72
[2019-05-04 23:41:29.344] [sharedprocess] [info] Scanned system extensions: 72
[2019-05-04 23:41:32.808] [sharedprocess] [info] Scanned user extensions: 5
[2019-05-04 23:41:45.087] [sharedprocess] [info] Installing extension: vscode-icons-team.vscode-icons
[2019-05-04 23:41:45.141] [sharedprocess] [info] Scanned user extensions: 5
[2019-05-04 23:41:45.798] [sharedprocess] [info] Downloaded extension: vscode-icons-team.vscode-icons /tmp/bab938d9-e4e1-4f8c-80d2-caed8edab7e6
[2019-05-04 23:41:46.438] [sharedprocess] [info] Removed the extension from uninstalled list: vscode-icons-team.vscode-icons
[2019-05-04 23:41:46.451] [sharedprocess] [info] Scanned user extensions: 6
[2019-05-04 23:41:46.459] [sharedprocess] [info] Extensions installed successfully: vscode-icons-team.vscode-icons
[2019-05-04 23:46:32.828] [sharedprocess] [info] Scanned user extensions: 6
[2019-05-04 23:51:32.845] [sharedprocess] [info] Scanned user extensions: 6
[2019-05-04 23:56:32.872] [sharedprocess] [info] Scanned user extensions: 6
[2019-05-05 00:01:32.894] [sharedprocess] [info] Scanned user extensions: 6
[2019-05-05 00:06:33.328] [sharedprocess] [info] Scanned user extensions: 6
[2019-05-05 00:11:33.349] [sharedprocess] [info] Scanned user extensions: 6
[2019-05-05 00:16:33.372] [sharedprocess] [info] Scanned user extensions: 6
[2019-05-05 00:21:37.998] [sharedprocess] [info] Scanned user extensions: 6
[2019-05-05 00:26:38.018] [sharedprocess] [info] Scanned user extensions: 6
[2019-05-05 00:31:38.035] [sharedprocess] [info] Scanned user extensions: 6
[2019-05-05 00:36:38.054] [sharedprocess] [info] Scanned user extensions: 6
[2019-05-05 08:54:46.670] [sharedprocess] [info] Scanned user extensions: 6
[2019-05-05 08:54:46.767] [sharedprocess] [info] Scanned system extensions: 72
[2019-05-05 08:54:49.739] [sharedprocess] [info] Scanned user extensions: 6
[2019-05-05 08:54:49.780] [sharedprocess] [info] Installing extension: johnpapa.angular2
[2019-05-05 08:54:49.803] [sharedprocess] [info] Scanned user extensions: 6
[2019-05-05 08:54:50.633] [sharedprocess] [info] Downloaded extension: johnpapa.angular2 /tmp/6e9c4ad3-147c-464f-9eb6-dfafc7333575
[2019-05-05 08:54:50.799] [sharedprocess] [info] Extracted extension to /home/jean_rollins/.vscode/extensions/.johnpapa.angular2-7.1.5: johnpapa.angular2
[2019-05-05 08:54:50.799] [sharedprocess] [info] Renamed to /home/jean_rollins/.vscode/extensions/johnpapa.angular2-7.1.5
[2019-05-05 08:54:50.801] [sharedprocess] [info] Installation completed. johnpapa.angular2
[2019-05-05 08:54:50.814] [sharedprocess] [info] Extensions installed successfully: johnpapa.angular2
[2019-05-05 08:59:49.797] [sharedprocess] [info] Scanned user extensions: 6
[2019-05-05 09:04:49.813] [sharedprocess] [info] Scanned user extensions: 6
[2019-05-05 09:09:49.829] [sharedprocess] [info] Scanned user extensions: 6
[2019-05-05 09:14:49.850] [sharedprocess] [info] Scanned user extensions: 6
[2019-05-05 09:19:49.876] [sharedprocess] [info] Scanned user extensions: 6
[2019-05-05 09:24:49.900] [sharedprocess] [info] Scanned user extensions: 6
[2019-05-05 09:29:50.859] [sharedprocess] [info] Scanned user extensions: 6
[2019-05-05 09:34:50.892] [sharedprocess] [info] Scanned user extensions: 6
[2019-05-05 09:39:50.911] [sharedprocess] [info] Scanned user extensions: 6
[2019-05-05 09:44:50.965] [sharedprocess] [info] Scanned user extensions: 6
[2019-05-05 09:49:51.125] [sharedprocess] [info] Scanned user extensions: 6
[2019-05-05 09:54:51.439] [sharedprocess] [info] Scanned user extensions: 6
[2019-05-05 09:59:51.459] [sharedprocess] [info] Scanned user extensions: 6
[2019-05-05 10:04:51.479] [sharedprocess] [info] Scanned user extensions: 6
[2019-05-05 10:09:51.498] [sharedprocess] [info] Scanned user extensions: 6
[2019-05-05 10:14:51.515] [sharedprocess] [info] Scanned user extensions: 6
[2019-05-05 10:19:51.531] [sharedprocess] [info] Scanned user extensions: 6
[2019-05-05 10:24:51.555] [sharedprocess] [info] Scanned user extensions: 6
[2019-05-05 10:29:51.580] [sharedprocess] [info] Scanned user extensions: 6
[2019-05-05 10:34:51.606] [sharedprocess] [info] Scanned user extensions: 6
[2019-05-05 10:39:51.628] [sharedprocess] [info] Scanned user extensions: 6
[2019-05-05 10:44:51.650] [sharedprocess] [info] Scanned user extensions: 6
[2019-05-05 10:49:51.678] [sharedprocess] [info] Scanned user extensions: 6
[2019-05-05 10:54:51.983] [sharedprocess] [info] Scanned user extensions: 6
[2019-05-05 10:59:52.002] [sharedprocess] [info] Scanned user extensions: 6
[2019-05-05 11:04:52.020] [sharedprocess] [info] Scanned user extensions: 6
[2019-05-05 11:09:52.045] [sharedprocess] [info] Scanned user extensions: 6
[2019-05-05 11:14:52.064] [sharedprocess] [info] Scanned user extensions: 6
[2019-05-05 11:19:52.094] [sharedprocess] [info] Scanned user extensions: 6
[2019-05-05 11:24:52.121] [sharedprocess] [info] Scanned user extensions: 6
[2019-05-05 11:29:52.148] [sharedprocess] [info] Scanned user extensions: 6
[2019-05-05 11:34:52.171] [sharedprocess] [info] Scanned user extensions: 6
[2019-05-05 11:39:52.196] [sharedprocess] [info] Scanned user extensions: 6
[2019-05-05 11:44:52.237] [sharedprocess] [info] Scanned user extensions: 6
[2019-05-05 11:49:52.259] [sharedprocess] [info] Scanned user extensions: 6
[2019-05-05 11:54:52.587] [sharedprocess] [info] Scanned user extensions: 6
[2019-05-05 11:59:52.609] [sharedprocess] [info] Scanned user extensions: 6
[2019-05-05 12:04:52.640] [sharedprocess] [info] Scanned user extensions: 6
[2019-05-05 12:09:52.665] [sharedprocess] [info] Scanned user extensions: 6
[2019-05-05 12:14:52.695] [sharedprocess] [info] Scanned user extensions: 6
[2019-05-05 12:19:52.715] [sharedprocess] [info] Scanned user extensions: 6
[2019-05-05 12:24:52.737] [sharedprocess] [info] Scanned user extensions: 6
[2019-05-05 12:29:52.759] [sharedprocess] [info] Scanned user extensions: 6
[2019-05-05 12:34:52.779] [sharedprocess] [info] Scanned user extensions: 6
[2019-05-05 12:39:52.805] [sharedprocess] [info] Scanned user extensions: 6
[2019-05-05 12:44:52.826] [sharedprocess] [info] Scanned user extensions: 6
[2019-05-05 12:49:52.846] [sharedprocess] [info] Scanned user extensions: 6
[2019-05-05 12:54:53.844] [sharedprocess] [info] Scanned user extensions: 6
[2019-05-05 12:59:53.863] [sharedprocess] [info] Scanned user extensions: 6
[2019-05-05 13:04:53.887] [sharedprocess] [info] Scanned user extensions: 6
[2019-05-05 13:09:53.909] [sharedprocess] [info] Scanned user extensions: 6
[2019-05-05 13:14:53.930] [sharedprocess] [info] Scanned user extensions: 6
[2019-05-05 13:19:53.950] [sharedprocess] [info] Scanned user extensions: 6
[2019-05-05 13:24:53.970] [sharedprocess] [info] Scanned user extensions: 6
[2019-05-05 13:29:53.990] [sharedprocess] [info] Scanned user extensions: 6
[2019-05-05 13:34:54.005] [sharedprocess] [info] Scanned user extensions: 6
[2019-05-05 13:39:54.025] [sharedprocess] [info] Scanned user extensions: 6
[2019-05-05 13:44:54.045] [sharedprocess] [info] Scanned user extensions: 6
[2019-05-05 13:49:54.067] [sharedprocess] [info] Scanned user extensions: 6
[2019-05-05 13:54:54.365] [sharedprocess] [info] Scanned user extensions: 6
[2019-05-05 13:59:54.386] [sharedprocess] [info] Scanned user extensions: 6
[2019-05-05 14:04:54.403] [sharedprocess] [info] Scanned user extensions: 6
[2019-05-05 14:09:54.426] [sharedprocess] [info] Scanned user extensions: 6
[2019-05-05 14:14:54.447] [sharedprocess] [info] Scanned user extensions: 6
[2019-05-05 14:19:54.467] [sharedprocess] [info] Scanned user extensions: 6
[2019-05-05 14:24:54.484] [sharedprocess] [info] Scanned user extensions: 6
[2019-05-05 14:29:54.505] [sharedprocess] [info] Scanned user extensions: 6
[2019-05-05 14:34:54.526] [sharedprocess] [info] Scanned user extensions: 6
[2019-05-05 14:39:54.547] [sharedprocess] [info] Scanned user extensions: 6
[2019-05-05 14:44:54.569] [sharedprocess] [info] Scanned user extensions: 6
[2019-05-05 14:49:54.590] [sharedprocess] [info] Scanned user extensions: 6
[2019-05-05 14:54:54.905] [sharedprocess] [info] Scanned user extensions: 6
[2019-05-05 14:59:54.928] [sharedprocess] [info] Scanned user extensions: 6
[2019-05-05 15:04:54.946] [sharedprocess] [info] Scanned user extensions: 6
[2019-05-05 15:09:54.967] [sharedprocess] [info] Scanned user extensions: 6
[2019-05-05 15:14:54.986] [sharedprocess] [info] Scanned user extensions: 6
[2019-05-05 15:19:55.011] [sharedprocess] [info] Scanned user extensions: 6
[2019-05-05 15:24:55.032] [sharedprocess] [info] Scanned user extensions: 6
[2019-05-05 15:29:55.053] [sharedprocess] [info] Scanned user extensions: 6
[2019-05-05 15:34:55.074] [sharedprocess] [info] Scanned user extensions: 6
[2019-05-05 15:39:55.100] [sharedprocess] [info] Scanned user extensions: 6
[2019-05-05 15:44:55.121] [sharedprocess] [info] Scanned user extensions: 6
[2019-05-05 15:49:55.142] [sharedprocess] [info] Scanned user extensions: 6
[2019-05-05 15:54:55.456] [sharedprocess] [info] Scanned user extensions: 6
[2019-05-05 15:59:55.474] [sharedprocess] [info] Scanned user extensions: 6
[2019-05-05 16:04:55.494] [sharedprocess] [info] Scanned user extensions: 6
[2019-05-05 16:09:55.511] [sharedprocess] [info] Scanned user extensions: 6
[2019-05-05 16:14:55.529] [sharedprocess] [info] Scanned user extensions: 6
[2019-05-05 16:19:55.547] [sharedprocess] [info] Scanned user extensions: 6
[2019-05-05 16:24:55.568] [sharedprocess] [info] Scanned user extensions: 6
[2019-05-05 16:29:55.586] [sharedprocess] [info] Scanned user extensions: 6
[2019-05-05 16:34:55.607] [sharedprocess] [info] Scanned user extensions: 6
[2019-05-05 16:39:55.627] [sharedprocess] [info] Scanned user extensions: 6
[2019-05-05 16:44:55.649] [sharedprocess] [info] Scanned user extensions: 6
[2019-05-05 16:49:55.669] [sharedprocess] [info] Scanned user extensions: 6
[2019-05-05 16:54:56.002] [sharedprocess] [info] Scanned user extensions: 6
[2019-05-05 16:58:42.088] [sharedprocess] [info] Scanned user extensions: 6
[2019-05-05 16:58:42.138] [sharedprocess] [info] Scanned system extensions: 72
[2019-05-05 16:58:44.581] [sharedprocess] [info] Scanned user extensions: 6
[2019-05-05 17:03:44.599] [sharedprocess] [info] Scanned user extensions: 6
[2019-05-05 17:08:44.622] [sharedprocess] [info] Scanned user extensions: 6
[2019-05-05 17:13:44.640] [sharedprocess] [info] Scanned user extensions: 6
[2019-05-05 17:18:44.658] [sharedprocess] [info] Scanned user extensions: 6
[2019-05-05 17:23:44.676] [sharedprocess] [info] Scanned user extensions: 6
[2019-05-05 17:28:44.700] [sharedprocess] [info] Scanned user extensions: 6
[2019-05-05 17:33:44.714] [sharedprocess] [info] Scanned user extensions: 6
[2019-05-05 17:38:44.739] [sharedprocess] [info] Scanned user extensions: 6
[2019-05-05 17:43:44.755] [sharedprocess] [info] Scanned user extensions: 6
[2019-05-05 17:48:44.776] [sharedprocess] [info] Scanned user extensions: 6
[2019-05-05 17:53:44.796] [sharedprocess] [info] Scanned user extensions: 6
[2019-05-05 17:58:45.222] [sharedprocess] [info] Scanned user extensions: 6
[2019-05-05 18:03:45.237] [sharedprocess] [info] Scanned user extensions: 6
[2019-05-05 18:08:45.257] [sharedprocess] [info] Scanned user extensions: 6
[2019-05-05 18:13:45.279] [sharedprocess] [info] Scanned user extensions: 6
[2019-05-05 18:18:45.294] [sharedprocess] [info] Scanned user extensions: 6
[2019-05-05 18:23:45.312] [sharedprocess] [info] Scanned user extensions: 6
[2019-05-05 18:28:45.329] [sharedprocess] [info] Scanned user extensions: 6
[2019-05-05 18:33:45.349] [sharedprocess] [info] Scanned user extensions: 6
[2019-05-05 18:38:45.369] [sharedprocess] [info] Scanned user extensions: 6
[2019-05-05 18:43:45.392] [sharedprocess] [info] Scanned user extensions: 6
[2019-05-05 18:48:45.420] [sharedprocess] [info] Scanned user extensions: 6
[2019-05-05 18:53:45.442] [sharedprocess] [info] Scanned user extensions: 6
[2019-05-05 18:58:45.781] [sharedprocess] [info] Scanned user extensions: 6
[2019-05-05 19:03:45.802] [sharedprocess] [info] Scanned user extensions: 6
[2019-05-05 19:08:45.823] [sharedprocess] [info] Scanned user extensions: 6
[2019-05-05 19:13:45.843] [sharedprocess] [info] Scanned user extensions: 6
[2019-05-05 19:18:45.874] [sharedprocess] [info] Scanned user extensions: 6
[2019-05-05 19:23:45.896] [sharedprocess] [info] Scanned user extensions: 6
[2019-05-05 19:28:45.918] [sharedprocess] [info] Scanned user extensions: 6
[2019-05-05 19:33:45.941] [sharedprocess] [info] Scanned user extensions: 6
[2019-05-05 19:38:45.962] [sharedprocess] [info] Scanned user extensions: 6
[2019-05-05 19:43:45.983] [sharedprocess] [info] Scanned user extensions: 6
[2019-05-05 19:48:46.005] [sharedprocess] [info] Scanned user extensions: 6
[2019-05-05 19:53:46.027] [sharedprocess] [info] Scanned user extensions: 6
[2019-05-05 19:58:46.352] [sharedprocess] [info] Scanned user extensions: 6
[2019-05-05 20:03:07.981] [sharedprocess] [info] Scanned user extensions: 6
[2019-05-05 20:03:08.025] [sharedprocess] [info] Scanned system extensions: 72
[2019-05-05 20:03:12.980] [sharedprocess] [info] Scanned user extensions: 6
[2019-05-05 20:08:12.998] [sharedprocess] [info] Scanned user extensions: 6
[2019-05-05 20:13:13.019] [sharedprocess] [info] Scanned user extensions: 6
[2019-05-05 20:18:13.034] [sharedprocess] [info] Scanned user extensions: 6
[2019-05-05 20:23:13.053] [sharedprocess] [info] Scanned user extensions: 6
[2019-05-05 20:28:13.075] [sharedprocess] [info] Scanned user extensions: 6
[2019-05-05 20:33:13.091] [sharedprocess] [info] Scanned user extensions: 6
[2019-05-05 20:38:13.107] [sharedprocess] [info] Scanned user extensions: 6
[2019-05-05 20:43:13.123] [sharedprocess] [info] Scanned user extensions: 6
[2019-05-05 20:48:13.141] [sharedprocess] [info] Scanned user extensions: 6
[2019-05-05 20:53:13.159] [sharedprocess] [info] Scanned user extensions: 6
[2019-05-05 20:58:13.180] [sharedprocess] [info] Scanned user extensions: 6
[2019-05-05 21:03:13.496] [sharedprocess] [info] Scanned user extensions: 6
